Start testing: Jan 13 15:42 Mountain Standard Time
----------------------------------------------------------
31/31 Testing: RegFileTest.SetRegTest
31/31 Test: RegFileTest.SetRegTest
Command: "C:/Users/user/Desktop/save/Code/CPU Visualizer/backend/build/tests/Release/cpu_tests.exe" "--gtest_filter=RegFileTest.SetRegTest" "--gtest_also_run_disabled_tests"
Directory: C:/Users/user/Desktop/save/Code/CPU Visualizer/backend/build/tests
"RegFileTest.SetRegTest" start time: Jan 13 15:42 Mountain Standard Time
Output:
----------------------------------------------------------
Running main() from C:\Users\user\Desktop\save\Code\CPU Visualizer\backend\build\_deps\googletest-src\googletest\src\gtest_main.cc
Note: Google Test filter = RegFileTest.SetRegTest
[==========] Running 1 test from 1 test suite.
[----------] Global test environment set-up.
[----------] 1 test from RegFileTest
[ RUN      ] RegFileTest.SetRegTest
[       OK ] RegFileTest.SetRegTest (0 ms)
[----------] 1 test from RegFileTest (0 ms total)

[----------] Global test environment tear-down
[==========] 1 test from 1 test suite ran. (0 ms total)
[  PASSED  ] 1 test.
<end of output>
Test time =   0.02 sec
----------------------------------------------------------
Test Passed.
"RegFileTest.SetRegTest" end time: Jan 13 15:42 Mountain Standard Time
"RegFileTest.SetRegTest" time elapsed: 00:00:00
----------------------------------------------------------

End testing: Jan 13 15:42 Mountain Standard Time
