Start testing: Jan 13 17:52 Mountain Standard Time
----------------------------------------------------------
40/40 Testing: InstrCacheTest.FetchInstruction
40/40 Test: InstrCacheTest.FetchInstruction
Command: "C:/Users/user/Desktop/save/Code/CPU Visualizer/backend/build/tests/Release/cpu_tests.exe" "--gtest_filter=InstrCacheTest.FetchInstruction" "--gtest_also_run_disabled_tests"
Directory: C:/Users/user/Desktop/save/Code/CPU Visualizer/backend/build/tests
"InstrCacheTest.FetchInstruction" start time: Jan 13 17:52 Mountain Standard Time
Output:
----------------------------------------------------------
Running main() from C:\Users\user\Desktop\save\Code\CPU Visualizer\backend\build\_deps\googletest-src\googletest\src\gtest_main.cc
Note: Google Test filter = InstrCacheTest.FetchInstruction
[==========] Running 1 test from 1 test suite.
[----------] Global test environment set-up.
[----------] 1 test from InstrCacheTest
[ RUN      ] InstrCacheTest.FetchInstruction
[       OK ] InstrCacheTest.FetchInstruction (0 ms)
[----------] 1 test from InstrCacheTest (0 ms total)

[----------] Global test environment tear-down
[==========] 1 test from 1 test suite ran. (0 ms total)
[  PASSED  ] 1 test.
<end of output>
Test time =   0.02 sec
----------------------------------------------------------
Test Passed.
"InstrCacheTest.FetchInstruction" end time: Jan 13 17:52 Mountain Standard Time
"InstrCacheTest.FetchInstruction" time elapsed: 00:00:00
----------------------------------------------------------

End testing: Jan 13 17:52 Mountain Standard Time
