Start testing: Jan 15 22:41 Mountain Standard Time
----------------------------------------------------------
1/51 Testing: GatesTest.AndGateTest
1/51 Test: GatesTest.AndGateTest
Command: "C:/Users/user/Desktop/save/Code/CPU Visualizer/backend/build/tests/Debug/cpu_tests.exe" "--gtest_filter=GatesTest.AndGateTest" "--gtest_also_run_disabled_tests"
Directory: C:/Users/user/Desktop/save/Code/CPU Visualizer/backend/build/tests
"GatesTest.AndGateTest" start time: Jan 15 22:41 Mountain Standard Time
Output:
----------------------------------------------------------
Running main() from C:\Users\user\Desktop\save\Code\CPU Visualizer\backend\build\_deps\googletest-src\googletest\src\gtest_main.cc
Note: Google Test filter = GatesTest.AndGateTest
[==========] Running 1 test from 1 test suite.
[----------] Global test environment set-up.
[----------] 1 test from GatesTest
[ RUN      ] GatesTest.AndGateTest
[       OK ] GatesTest.AndGateTest (0 ms)
[----------] 1 test from GatesTest (0 ms total)

[----------] Global test environment tear-down
[==========] 1 test from 1 test suite ran. (0 ms total)
[  PASSED  ] 1 test.
<end of output>
Test time =   0.02 sec
----------------------------------------------------------
Test Passed.
"GatesTest.AndGateTest" end time: Jan 15 22:41 Mountain Standard Time
"GatesTest.AndGateTest" time elapsed: 00:00:00
----------------------------------------------------------

2/51 Testing: GatesTest.OrGateTest
2/51 Test: GatesTest.OrGateTest
Command: "C:/Users/user/Desktop/save/Code/CPU Visualizer/backend/build/tests/Debug/cpu_tests.exe" "--gtest_filter=GatesTest.OrGateTest" "--gtest_also_run_disabled_tests"
Directory: C:/Users/user/Desktop/save/Code/CPU Visualizer/backend/build/tests
"GatesTest.OrGateTest" start time: Jan 15 22:41 Mountain Standard Time
Output:
----------------------------------------------------------
Running main() from C:\Users\user\Desktop\save\Code\CPU Visualizer\backend\build\_deps\googletest-src\googletest\src\gtest_main.cc
Note: Google Test filter = GatesTest.OrGateTest
[==========] Running 1 test from 1 test suite.
[----------] Global test environment set-up.
[----------] 1 test from GatesTest
[ RUN      ] GatesTest.OrGateTest
[       OK ] GatesTest.OrGateTest (0 ms)
[----------] 1 test from GatesTest (0 ms total)

[----------] Global test environment tear-down
[==========] 1 test from 1 test suite ran. (0 ms total)
[  PASSED  ] 1 test.
<end of output>
Test time =   0.02 sec
----------------------------------------------------------
Test Passed.
"GatesTest.OrGateTest" end time: Jan 15 22:41 Mountain Standard Time
"GatesTest.OrGateTest" time elapsed: 00:00:00
----------------------------------------------------------

3/51 Testing: GatesTest.XorGateTest
3/51 Test: GatesTest.XorGateTest
Command: "C:/Users/user/Desktop/save/Code/CPU Visualizer/backend/build/tests/Debug/cpu_tests.exe" "--gtest_filter=GatesTest.XorGateTest" "--gtest_also_run_disabled_tests"
Directory: C:/Users/user/Desktop/save/Code/CPU Visualizer/backend/build/tests
"GatesTest.XorGateTest" start time: Jan 15 22:41 Mountain Standard Time
Output:
----------------------------------------------------------
Running main() from C:\Users\user\Desktop\save\Code\CPU Visualizer\backend\build\_deps\googletest-src\googletest\src\gtest_main.cc
Note: Google Test filter = GatesTest.XorGateTest
[==========] Running 1 test from 1 test suite.
[----------] Global test environment set-up.
[----------] 1 test from GatesTest
[ RUN      ] GatesTest.XorGateTest
[       OK ] GatesTest.XorGateTest (0 ms)
[----------] 1 test from GatesTest (0 ms total)

[----------] Global test environment tear-down
[==========] 1 test from 1 test suite ran. (0 ms total)
[  PASSED  ] 1 test.
<end of output>
Test time =   0.02 sec
----------------------------------------------------------
Test Passed.
"GatesTest.XorGateTest" end time: Jan 15 22:41 Mountain Standard Time
"GatesTest.XorGateTest" time elapsed: 00:00:00
----------------------------------------------------------

4/51 Testing: GatesTest.NotGateTest
4/51 Test: GatesTest.NotGateTest
Command: "C:/Users/user/Desktop/save/Code/CPU Visualizer/backend/build/tests/Debug/cpu_tests.exe" "--gtest_filter=GatesTest.NotGateTest" "--gtest_also_run_disabled_tests"
Directory: C:/Users/user/Desktop/save/Code/CPU Visualizer/backend/build/tests
"GatesTest.NotGateTest" start time: Jan 15 22:41 Mountain Standard Time
Output:
----------------------------------------------------------
Running main() from C:\Users\user\Desktop\save\Code\CPU Visualizer\backend\build\_deps\googletest-src\googletest\src\gtest_main.cc
Note: Google Test filter = GatesTest.NotGateTest
[==========] Running 1 test from 1 test suite.
[----------] Global test environment set-up.
[----------] 1 test from GatesTest
[ RUN      ] GatesTest.NotGateTest
[       OK ] GatesTest.NotGateTest (0 ms)
[----------] 1 test from GatesTest (0 ms total)

[----------] Global test environment tear-down
[==========] 1 test from 1 test suite ran. (0 ms total)
[  PASSED  ] 1 test.
<end of output>
Test time =   0.02 sec
----------------------------------------------------------
Test Passed.
"GatesTest.NotGateTest" end time: Jan 15 22:41 Mountain Standard Time
"GatesTest.NotGateTest" time elapsed: 00:00:00
----------------------------------------------------------

5/51 Testing: GatesTest.NorGateTest
5/51 Test: GatesTest.NorGateTest
Command: "C:/Users/user/Desktop/save/Code/CPU Visualizer/backend/build/tests/Debug/cpu_tests.exe" "--gtest_filter=GatesTest.NorGateTest" "--gtest_also_run_disabled_tests"
Directory: C:/Users/user/Desktop/save/Code/CPU Visualizer/backend/build/tests
"GatesTest.NorGateTest" start time: Jan 15 22:41 Mountain Standard Time
Output:
----------------------------------------------------------
Running main() from C:\Users\user\Desktop\save\Code\CPU Visualizer\backend\build\_deps\googletest-src\googletest\src\gtest_main.cc
Note: Google Test filter = GatesTest.NorGateTest
[==========] Running 1 test from 1 test suite.
[----------] Global test environment set-up.
[----------] 1 test from GatesTest
[ RUN      ] GatesTest.NorGateTest
[       OK ] GatesTest.NorGateTest (0 ms)
[----------] 1 test from GatesTest (0 ms total)

[----------] Global test environment tear-down
[==========] 1 test from 1 test suite ran. (0 ms total)
[  PASSED  ] 1 test.
<end of output>
Test time =   0.02 sec
----------------------------------------------------------
Test Passed.
"GatesTest.NorGateTest" end time: Jan 15 22:41 Mountain Standard Time
"GatesTest.NorGateTest" time elapsed: 00:00:00
----------------------------------------------------------

6/51 Testing: WireTest.MaskingWorks
6/51 Test: WireTest.MaskingWorks
Command: "C:/Users/user/Desktop/save/Code/CPU Visualizer/backend/build/tests/Debug/cpu_tests.exe" "--gtest_filter=WireTest.MaskingWorks" "--gtest_also_run_disabled_tests"
Directory: C:/Users/user/Desktop/save/Code/CPU Visualizer/backend/build/tests
"WireTest.MaskingWorks" start time: Jan 15 22:41 Mountain Standard Time
Output:
----------------------------------------------------------
Running main() from C:\Users\user\Desktop\save\Code\CPU Visualizer\backend\build\_deps\googletest-src\googletest\src\gtest_main.cc
Note: Google Test filter = WireTest.MaskingWorks
[==========] Running 1 test from 1 test suite.
[----------] Global test environment set-up.
[----------] 1 test from WireTest
[ RUN      ] WireTest.MaskingWorks
[       OK ] WireTest.MaskingWorks (0 ms)
[----------] 1 test from WireTest (0 ms total)

[----------] Global test environment tear-down
[==========] 1 test from 1 test suite ran. (0 ms total)
[  PASSED  ] 1 test.
<end of output>
Test time =   0.02 sec
----------------------------------------------------------
Test Passed.
"WireTest.MaskingWorks" end time: Jan 15 22:41 Mountain Standard Time
"WireTest.MaskingWorks" time elapsed: 00:00:00
----------------------------------------------------------

7/51 Testing: WireTest.GetBit
7/51 Test: WireTest.GetBit
Command: "C:/Users/user/Desktop/save/Code/CPU Visualizer/backend/build/tests/Debug/cpu_tests.exe" "--gtest_filter=WireTest.GetBit" "--gtest_also_run_disabled_tests"
Directory: C:/Users/user/Desktop/save/Code/CPU Visualizer/backend/build/tests
"WireTest.GetBit" start time: Jan 15 22:41 Mountain Standard Time
Output:
----------------------------------------------------------
Running main() from C:\Users\user\Desktop\save\Code\CPU Visualizer\backend\build\_deps\googletest-src\googletest\src\gtest_main.cc
Note: Google Test filter = WireTest.GetBit
[==========] Running 1 test from 1 test suite.
[----------] Global test environment set-up.
[----------] 1 test from WireTest
[ RUN      ] WireTest.GetBit
[       OK ] WireTest.GetBit (0 ms)
[----------] 1 test from WireTest (0 ms total)

[----------] Global test environment tear-down
[==========] 1 test from 1 test suite ran. (0 ms total)
[  PASSED  ] 1 test.
<end of output>
Test time =   0.02 sec
----------------------------------------------------------
Test Passed.
"WireTest.GetBit" end time: Jan 15 22:41 Mountain Standard Time
"WireTest.GetBit" time elapsed: 00:00:00
----------------------------------------------------------

8/51 Testing: FullAdderTest.AdditionTest
8/51 Test: FullAdderTest.AdditionTest
Command: "C:/Users/user/Desktop/save/Code/CPU Visualizer/backend/build/tests/Debug/cpu_tests.exe" "--gtest_filter=FullAdderTest.AdditionTest" "--gtest_also_run_disabled_tests"
Directory: C:/Users/user/Desktop/save/Code/CPU Visualizer/backend/build/tests
"FullAdderTest.AdditionTest" start time: Jan 15 22:41 Mountain Standard Time
Output:
----------------------------------------------------------
Running main() from C:\Users\user\Desktop\save\Code\CPU Visualizer\backend\build\_deps\googletest-src\googletest\src\gtest_main.cc
Note: Google Test filter = FullAdderTest.AdditionTest
[==========] Running 1 test from 1 test suite.
[----------] Global test environment set-up.
[----------] 1 test from FullAdderTest
[ RUN      ] FullAdderTest.AdditionTest
[       OK ] FullAdderTest.AdditionTest (0 ms)
[----------] 1 test from FullAdderTest (0 ms total)

[----------] Global test environment tear-down
[==========] 1 test from 1 test suite ran. (0 ms total)
[  PASSED  ] 1 test.
<end of output>
Test time =   0.02 sec
----------------------------------------------------------
Test Passed.
"FullAdderTest.AdditionTest" end time: Jan 15 22:41 Mountain Standard Time
"FullAdderTest.AdditionTest" time elapsed: 00:00:00
----------------------------------------------------------

9/51 Testing: AdderTest.AdderAdditionTest
9/51 Test: AdderTest.AdderAdditionTest
Command: "C:/Users/user/Desktop/save/Code/CPU Visualizer/backend/build/tests/Debug/cpu_tests.exe" "--gtest_filter=AdderTest.AdderAdditionTest" "--gtest_also_run_disabled_tests"
Directory: C:/Users/user/Desktop/save/Code/CPU Visualizer/backend/build/tests
"AdderTest.AdderAdditionTest" start time: Jan 15 22:41 Mountain Standard Time
Output:
----------------------------------------------------------
Running main() from C:\Users\user\Desktop\save\Code\CPU Visualizer\backend\build\_deps\googletest-src\googletest\src\gtest_main.cc
Note: Google Test filter = AdderTest.AdderAdditionTest
[==========] Running 1 test from 1 test suite.
[----------] Global test environment set-up.
[----------] 1 test from AdderTest
[ RUN      ] AdderTest.AdderAdditionTest
[       OK ] AdderTest.AdderAdditionTest (0 ms)
[----------] 1 test from AdderTest (0 ms total)

[----------] Global test environment tear-down
[==========] 1 test from 1 test suite ran. (0 ms total)
[  PASSED  ] 1 test.
<end of output>
Test time =   0.02 sec
----------------------------------------------------------
Test Passed.
"AdderTest.AdderAdditionTest" end time: Jan 15 22:41 Mountain Standard Time
"AdderTest.AdderAdditionTest" time elapsed: 00:00:00
----------------------------------------------------------

10/51 Testing: ShifterTest.RightShiftTest
10/51 Test: ShifterTest.RightShiftTest
Command: "C:/Users/user/Desktop/save/Code/CPU Visualizer/backend/build/tests/Debug/cpu_tests.exe" "--gtest_filter=ShifterTest.RightShiftTest" "--gtest_also_run_disabled_tests"
Directory: C:/Users/user/Desktop/save/Code/CPU Visualizer/backend/build/tests
"ShifterTest.RightShiftTest" start time: Jan 15 22:41 Mountain Standard Time
Output:
----------------------------------------------------------
Running main() from C:\Users\user\Desktop\save\Code\CPU Visualizer\backend\build\_deps\googletest-src\googletest\src\gtest_main.cc
Note: Google Test filter = ShifterTest.RightShiftTest
[==========] Running 1 test from 1 test suite.
[----------] Global test environment set-up.
[----------] 1 test from ShifterTest
[ RUN      ] ShifterTest.RightShiftTest
[       OK ] ShifterTest.RightShiftTest (0 ms)
[----------] 1 test from ShifterTest (0 ms total)

[----------] Global test environment tear-down
[==========] 1 test from 1 test suite ran. (0 ms total)
[  PASSED  ] 1 test.
<end of output>
Test time =   0.03 sec
----------------------------------------------------------
Test Passed.
"ShifterTest.RightShiftTest" end time: Jan 15 22:41 Mountain Standard Time
"ShifterTest.RightShiftTest" time elapsed: 00:00:00
----------------------------------------------------------

11/51 Testing: ShifterTest.LeftShiftTest
11/51 Test: ShifterTest.LeftShiftTest
Command: "C:/Users/user/Desktop/save/Code/CPU Visualizer/backend/build/tests/Debug/cpu_tests.exe" "--gtest_filter=ShifterTest.LeftShiftTest" "--gtest_also_run_disabled_tests"
Directory: C:/Users/user/Desktop/save/Code/CPU Visualizer/backend/build/tests
"ShifterTest.LeftShiftTest" start time: Jan 15 22:41 Mountain Standard Time
Output:
----------------------------------------------------------
Running main() from C:\Users\user\Desktop\save\Code\CPU Visualizer\backend\build\_deps\googletest-src\googletest\src\gtest_main.cc
Note: Google Test filter = ShifterTest.LeftShiftTest
[==========] Running 1 test from 1 test suite.
[----------] Global test environment set-up.
[----------] 1 test from ShifterTest
[ RUN      ] ShifterTest.LeftShiftTest
[       OK ] ShifterTest.LeftShiftTest (0 ms)
[----------] 1 test from ShifterTest (0 ms total)

[----------] Global test environment tear-down
[==========] 1 test from 1 test suite ran. (0 ms total)
[  PASSED  ] 1 test.
<end of output>
Test time =   0.03 sec
----------------------------------------------------------
Test Passed.
"ShifterTest.LeftShiftTest" end time: Jan 15 22:41 Mountain Standard Time
"ShifterTest.LeftShiftTest" time elapsed: 00:00:00
----------------------------------------------------------

12/51 Testing: MUXTest.MUX4to1Test
12/51 Test: MUXTest.MUX4to1Test
Command: "C:/Users/user/Desktop/save/Code/CPU Visualizer/backend/build/tests/Debug/cpu_tests.exe" "--gtest_filter=MUXTest.MUX4to1Test" "--gtest_also_run_disabled_tests"
Directory: C:/Users/user/Desktop/save/Code/CPU Visualizer/backend/build/tests
"MUXTest.MUX4to1Test" start time: Jan 15 22:41 Mountain Standard Time
Output:
----------------------------------------------------------
Running main() from C:\Users\user\Desktop\save\Code\CPU Visualizer\backend\build\_deps\googletest-src\googletest\src\gtest_main.cc
Note: Google Test filter = MUXTest.MUX4to1Test
[==========] Running 1 test from 1 test suite.
[----------] Global test environment set-up.
[----------] 1 test from MUXTest
[ RUN      ] MUXTest.MUX4to1Test
[       OK ] MUXTest.MUX4to1Test (0 ms)
[----------] 1 test from MUXTest (0 ms total)

[----------] Global test environment tear-down
[==========] 1 test from 1 test suite ran. (0 ms total)
[  PASSED  ] 1 test.
<end of output>
Test time =   0.03 sec
----------------------------------------------------------
Test Passed.
"MUXTest.MUX4to1Test" end time: Jan 15 22:41 Mountain Standard Time
"MUXTest.MUX4to1Test" time elapsed: 00:00:00
----------------------------------------------------------

13/51 Testing: MUXTest.MUX2to1Test
13/51 Test: MUXTest.MUX2to1Test
Command: "C:/Users/user/Desktop/save/Code/CPU Visualizer/backend/build/tests/Debug/cpu_tests.exe" "--gtest_filter=MUXTest.MUX2to1Test" "--gtest_also_run_disabled_tests"
Directory: C:/Users/user/Desktop/save/Code/CPU Visualizer/backend/build/tests
"MUXTest.MUX2to1Test" start time: Jan 15 22:41 Mountain Standard Time
Output:
----------------------------------------------------------
Running main() from C:\Users\user\Desktop\save\Code\CPU Visualizer\backend\build\_deps\googletest-src\googletest\src\gtest_main.cc
Note: Google Test filter = MUXTest.MUX2to1Test
[==========] Running 1 test from 1 test suite.
[----------] Global test environment set-up.
[----------] 1 test from MUXTest
[ RUN      ] MUXTest.MUX2to1Test
[       OK ] MUXTest.MUX2to1Test (0 ms)
[----------] 1 test from MUXTest (0 ms total)

[----------] Global test environment tear-down
[==========] 1 test from 1 test suite ran. (0 ms total)
[  PASSED  ] 1 test.
<end of output>
Test time =   0.03 sec
----------------------------------------------------------
Test Passed.
"MUXTest.MUX2to1Test" end time: Jan 15 22:41 Mountain Standard Time
"MUXTest.MUX2to1Test" time elapsed: 00:00:00
----------------------------------------------------------

14/51 Testing: LUTest.LogicOperationsTest
14/51 Test: LUTest.LogicOperationsTest
Command: "C:/Users/user/Desktop/save/Code/CPU Visualizer/backend/build/tests/Debug/cpu_tests.exe" "--gtest_filter=LUTest.LogicOperationsTest" "--gtest_also_run_disabled_tests"
Directory: C:/Users/user/Desktop/save/Code/CPU Visualizer/backend/build/tests
"LUTest.LogicOperationsTest" start time: Jan 15 22:41 Mountain Standard Time
Output:
----------------------------------------------------------
Running main() from C:\Users\user\Desktop\save\Code\CPU Visualizer\backend\build\_deps\googletest-src\googletest\src\gtest_main.cc
Note: Google Test filter = LUTest.LogicOperationsTest
[==========] Running 1 test from 1 test suite.
[----------] Global test environment set-up.
[----------] 1 test from LUTest
[ RUN      ] LUTest.LogicOperationsTest
[       OK ] LUTest.LogicOperationsTest (0 ms)
[----------] 1 test from LUTest (0 ms total)

[----------] Global test environment tear-down
[==========] 1 test from 1 test suite ran. (0 ms total)
[  PASSED  ] 1 test.
<end of output>
Test time =   0.02 sec
----------------------------------------------------------
Test Passed.
"LUTest.LogicOperationsTest" end time: Jan 15 22:41 Mountain Standard Time
"LUTest.LogicOperationsTest" time elapsed: 00:00:00
----------------------------------------------------------

15/51 Testing: SignExtenderTest.PositiveExtension
15/51 Test: SignExtenderTest.PositiveExtension
Command: "C:/Users/user/Desktop/save/Code/CPU Visualizer/backend/build/tests/Debug/cpu_tests.exe" "--gtest_filter=SignExtenderTest.PositiveExtension" "--gtest_also_run_disabled_tests"
Directory: C:/Users/user/Desktop/save/Code/CPU Visualizer/backend/build/tests
"SignExtenderTest.PositiveExtension" start time: Jan 15 22:41 Mountain Standard Time
Output:
----------------------------------------------------------
Running main() from C:\Users\user\Desktop\save\Code\CPU Visualizer\backend\build\_deps\googletest-src\googletest\src\gtest_main.cc
Note: Google Test filter = SignExtenderTest.PositiveExtension
[==========] Running 1 test from 1 test suite.
[----------] Global test environment set-up.
[----------] 1 test from SignExtenderTest
[ RUN      ] SignExtenderTest.PositiveExtension
[       OK ] SignExtenderTest.PositiveExtension (0 ms)
[----------] 1 test from SignExtenderTest (0 ms total)

[----------] Global test environment tear-down
[==========] 1 test from 1 test suite ran. (0 ms total)
[  PASSED  ] 1 test.
<end of output>
Test time =   0.03 sec
----------------------------------------------------------
Test Passed.
"SignExtenderTest.PositiveExtension" end time: Jan 15 22:41 Mountain Standard Time
"SignExtenderTest.PositiveExtension" time elapsed: 00:00:00
----------------------------------------------------------

16/51 Testing: SignExtenderTest.NegativeExtension
16/51 Test: SignExtenderTest.NegativeExtension
Command: "C:/Users/user/Desktop/save/Code/CPU Visualizer/backend/build/tests/Debug/cpu_tests.exe" "--gtest_filter=SignExtenderTest.NegativeExtension" "--gtest_also_run_disabled_tests"
Directory: C:/Users/user/Desktop/save/Code/CPU Visualizer/backend/build/tests
"SignExtenderTest.NegativeExtension" start time: Jan 15 22:41 Mountain Standard Time
Output:
----------------------------------------------------------
Running main() from C:\Users\user\Desktop\save\Code\CPU Visualizer\backend\build\_deps\googletest-src\googletest\src\gtest_main.cc
Note: Google Test filter = SignExtenderTest.NegativeExtension
[==========] Running 1 test from 1 test suite.
[----------] Global test environment set-up.
[----------] 1 test from SignExtenderTest
[ RUN      ] SignExtenderTest.NegativeExtension
[       OK ] SignExtenderTest.NegativeExtension (0 ms)
[----------] 1 test from SignExtenderTest (0 ms total)

[----------] Global test environment tear-down
[==========] 1 test from 1 test suite ran. (0 ms total)
[  PASSED  ] 1 test.
<end of output>
Test time =   0.02 sec
----------------------------------------------------------
Test Passed.
"SignExtenderTest.NegativeExtension" end time: Jan 15 22:41 Mountain Standard Time
"SignExtenderTest.NegativeExtension" time elapsed: 00:00:00
----------------------------------------------------------

17/51 Testing: SignExtenderTest.DifferentSizes
17/51 Test: SignExtenderTest.DifferentSizes
Command: "C:/Users/user/Desktop/save/Code/CPU Visualizer/backend/build/tests/Debug/cpu_tests.exe" "--gtest_filter=SignExtenderTest.DifferentSizes" "--gtest_also_run_disabled_tests"
Directory: C:/Users/user/Desktop/save/Code/CPU Visualizer/backend/build/tests
"SignExtenderTest.DifferentSizes" start time: Jan 15 22:41 Mountain Standard Time
Output:
----------------------------------------------------------
Running main() from C:\Users\user\Desktop\save\Code\CPU Visualizer\backend\build\_deps\googletest-src\googletest\src\gtest_main.cc
Note: Google Test filter = SignExtenderTest.DifferentSizes
[==========] Running 1 test from 1 test suite.
[----------] Global test environment set-up.
[----------] 1 test from SignExtenderTest
[ RUN      ] SignExtenderTest.DifferentSizes
[       OK ] SignExtenderTest.DifferentSizes (0 ms)
[----------] 1 test from SignExtenderTest (0 ms total)

[----------] Global test environment tear-down
[==========] 1 test from 1 test suite ran. (0 ms total)
[  PASSED  ] 1 test.
<end of output>
Test time =   0.02 sec
----------------------------------------------------------
Test Passed.
"SignExtenderTest.DifferentSizes" end time: Jan 15 22:41 Mountain Standard Time
"SignExtenderTest.DifferentSizes" time elapsed: 00:00:00
----------------------------------------------------------

18/51 Testing: ALUTest.ALUShifterTest
18/51 Test: ALUTest.ALUShifterTest
Command: "C:/Users/user/Desktop/save/Code/CPU Visualizer/backend/build/tests/Debug/cpu_tests.exe" "--gtest_filter=ALUTest.ALUShifterTest" "--gtest_also_run_disabled_tests"
Directory: C:/Users/user/Desktop/save/Code/CPU Visualizer/backend/build/tests
"ALUTest.ALUShifterTest" start time: Jan 15 22:41 Mountain Standard Time
Output:
----------------------------------------------------------
Running main() from C:\Users\user\Desktop\save\Code\CPU Visualizer\backend\build\_deps\googletest-src\googletest\src\gtest_main.cc
Note: Google Test filter = ALUTest.ALUShifterTest
[==========] Running 1 test from 1 test suite.
[----------] Global test environment set-up.
[----------] 1 test from ALUTest
[ RUN      ] ALUTest.ALUShifterTest
[       OK ] ALUTest.ALUShifterTest (0 ms)
[----------] 1 test from ALUTest (0 ms total)

[----------] Global test environment tear-down
[==========] 1 test from 1 test suite ran. (0 ms total)
[  PASSED  ] 1 test.
<end of output>
Test time =   0.03 sec
----------------------------------------------------------
Test Passed.
"ALUTest.ALUShifterTest" end time: Jan 15 22:41 Mountain Standard Time
"ALUTest.ALUShifterTest" time elapsed: 00:00:00
----------------------------------------------------------

19/51 Testing: ALUTest.ALUSetLessThanTest
19/51 Test: ALUTest.ALUSetLessThanTest
Command: "C:/Users/user/Desktop/save/Code/CPU Visualizer/backend/build/tests/Debug/cpu_tests.exe" "--gtest_filter=ALUTest.ALUSetLessThanTest" "--gtest_also_run_disabled_tests"
Directory: C:/Users/user/Desktop/save/Code/CPU Visualizer/backend/build/tests
"ALUTest.ALUSetLessThanTest" start time: Jan 15 22:41 Mountain Standard Time
Output:
----------------------------------------------------------
Running main() from C:\Users\user\Desktop\save\Code\CPU Visualizer\backend\build\_deps\googletest-src\googletest\src\gtest_main.cc
Note: Google Test filter = ALUTest.ALUSetLessThanTest
[==========] Running 1 test from 1 test suite.
[----------] Global test environment set-up.
[----------] 1 test from ALUTest
[ RUN      ] ALUTest.ALUSetLessThanTest
[       OK ] ALUTest.ALUSetLessThanTest (0 ms)
[----------] 1 test from ALUTest (0 ms total)

[----------] Global test environment tear-down
[==========] 1 test from 1 test suite ran. (0 ms total)
[  PASSED  ] 1 test.
<end of output>
Test time =   0.02 sec
----------------------------------------------------------
Test Passed.
"ALUTest.ALUSetLessThanTest" end time: Jan 15 22:41 Mountain Standard Time
"ALUTest.ALUSetLessThanTest" time elapsed: 00:00:00
----------------------------------------------------------

20/51 Testing: ALUTest.ALUAdderTest
20/51 Test: ALUTest.ALUAdderTest
Command: "C:/Users/user/Desktop/save/Code/CPU Visualizer/backend/build/tests/Debug/cpu_tests.exe" "--gtest_filter=ALUTest.ALUAdderTest" "--gtest_also_run_disabled_tests"
Directory: C:/Users/user/Desktop/save/Code/CPU Visualizer/backend/build/tests
"ALUTest.ALUAdderTest" start time: Jan 15 22:41 Mountain Standard Time
Output:
----------------------------------------------------------
Running main() from C:\Users\user\Desktop\save\Code\CPU Visualizer\backend\build\_deps\googletest-src\googletest\src\gtest_main.cc
Note: Google Test filter = ALUTest.ALUAdderTest
[==========] Running 1 test from 1 test suite.
[----------] Global test environment set-up.
[----------] 1 test from ALUTest
[ RUN      ] ALUTest.ALUAdderTest
[       OK ] ALUTest.ALUAdderTest (0 ms)
[----------] 1 test from ALUTest (0 ms total)

[----------] Global test environment tear-down
[==========] 1 test from 1 test suite ran. (0 ms total)
[  PASSED  ] 1 test.
<end of output>
Test time =   0.02 sec
----------------------------------------------------------
Test Passed.
"ALUTest.ALUAdderTest" end time: Jan 15 22:41 Mountain Standard Time
"ALUTest.ALUAdderTest" time elapsed: 00:00:00
----------------------------------------------------------

21/51 Testing: ALUTest.ALULogicTest
21/51 Test: ALUTest.ALULogicTest
Command: "C:/Users/user/Desktop/save/Code/CPU Visualizer/backend/build/tests/Debug/cpu_tests.exe" "--gtest_filter=ALUTest.ALULogicTest" "--gtest_also_run_disabled_tests"
Directory: C:/Users/user/Desktop/save/Code/CPU Visualizer/backend/build/tests
"ALUTest.ALULogicTest" start time: Jan 15 22:41 Mountain Standard Time
Output:
----------------------------------------------------------
Running main() from C:\Users\user\Desktop\save\Code\CPU Visualizer\backend\build\_deps\googletest-src\googletest\src\gtest_main.cc
Note: Google Test filter = ALUTest.ALULogicTest
[==========] Running 1 test from 1 test suite.
[----------] Global test environment set-up.
[----------] 1 test from ALUTest
[ RUN      ] ALUTest.ALULogicTest
[       OK ] ALUTest.ALULogicTest (0 ms)
[----------] 1 test from ALUTest (0 ms total)

[----------] Global test environment tear-down
[==========] 1 test from 1 test suite ran. (0 ms total)
[  PASSED  ] 1 test.
<end of output>
Test time =   0.02 sec
----------------------------------------------------------
Test Passed.
"ALUTest.ALULogicTest" end time: Jan 15 22:41 Mountain Standard Time
"ALUTest.ALULogicTest" time elapsed: 00:00:00
----------------------------------------------------------

22/51 Testing: BranchCondCheckTest.BranchingDisabledTest
22/51 Test: BranchCondCheckTest.BranchingDisabledTest
Command: "C:/Users/user/Desktop/save/Code/CPU Visualizer/backend/build/tests/Debug/cpu_tests.exe" "--gtest_filter=BranchCondCheckTest.BranchingDisabledTest" "--gtest_also_run_disabled_tests"
Directory: C:/Users/user/Desktop/save/Code/CPU Visualizer/backend/build/tests
"BranchCondCheckTest.BranchingDisabledTest" start time: Jan 15 22:41 Mountain Standard Time
Output:
----------------------------------------------------------
Running main() from C:\Users\user\Desktop\save\Code\CPU Visualizer\backend\build\_deps\googletest-src\googletest\src\gtest_main.cc
Note: Google Test filter = BranchCondCheckTest.BranchingDisabledTest
[==========] Running 1 test from 1 test suite.
[----------] Global test environment set-up.
[----------] 1 test from BranchCondCheckTest
[ RUN      ] BranchCondCheckTest.BranchingDisabledTest
[       OK ] BranchCondCheckTest.BranchingDisabledTest (0 ms)
[----------] 1 test from BranchCondCheckTest (0 ms total)

[----------] Global test environment tear-down
[==========] 1 test from 1 test suite ran. (0 ms total)
[  PASSED  ] 1 test.
<end of output>
Test time =   0.02 sec
----------------------------------------------------------
Test Passed.
"BranchCondCheckTest.BranchingDisabledTest" end time: Jan 15 22:41 Mountain Standard Time
"BranchCondCheckTest.BranchingDisabledTest" time elapsed: 00:00:00
----------------------------------------------------------

23/51 Testing: BranchCondCheckTest.BEQTrueTest
23/51 Test: BranchCondCheckTest.BEQTrueTest
Command: "C:/Users/user/Desktop/save/Code/CPU Visualizer/backend/build/tests/Debug/cpu_tests.exe" "--gtest_filter=BranchCondCheckTest.BEQTrueTest" "--gtest_also_run_disabled_tests"
Directory: C:/Users/user/Desktop/save/Code/CPU Visualizer/backend/build/tests
"BranchCondCheckTest.BEQTrueTest" start time: Jan 15 22:41 Mountain Standard Time
Output:
----------------------------------------------------------
Running main() from C:\Users\user\Desktop\save\Code\CPU Visualizer\backend\build\_deps\googletest-src\googletest\src\gtest_main.cc
Note: Google Test filter = BranchCondCheckTest.BEQTrueTest
[==========] Running 1 test from 1 test suite.
[----------] Global test environment set-up.
[----------] 1 test from BranchCondCheckTest
[ RUN      ] BranchCondCheckTest.BEQTrueTest
[       OK ] BranchCondCheckTest.BEQTrueTest (0 ms)
[----------] 1 test from BranchCondCheckTest (0 ms total)

[----------] Global test environment tear-down
[==========] 1 test from 1 test suite ran. (0 ms total)
[  PASSED  ] 1 test.
<end of output>
Test time =   0.03 sec
----------------------------------------------------------
Test Passed.
"BranchCondCheckTest.BEQTrueTest" end time: Jan 15 22:41 Mountain Standard Time
"BranchCondCheckTest.BEQTrueTest" time elapsed: 00:00:00
----------------------------------------------------------

24/51 Testing: BranchCondCheckTest.BEQFalseTest
24/51 Test: BranchCondCheckTest.BEQFalseTest
Command: "C:/Users/user/Desktop/save/Code/CPU Visualizer/backend/build/tests/Debug/cpu_tests.exe" "--gtest_filter=BranchCondCheckTest.BEQFalseTest" "--gtest_also_run_disabled_tests"
Directory: C:/Users/user/Desktop/save/Code/CPU Visualizer/backend/build/tests
"BranchCondCheckTest.BEQFalseTest" start time: Jan 15 22:41 Mountain Standard Time
Output:
----------------------------------------------------------
Running main() from C:\Users\user\Desktop\save\Code\CPU Visualizer\backend\build\_deps\googletest-src\googletest\src\gtest_main.cc
Note: Google Test filter = BranchCondCheckTest.BEQFalseTest
[==========] Running 1 test from 1 test suite.
[----------] Global test environment set-up.
[----------] 1 test from BranchCondCheckTest
[ RUN      ] BranchCondCheckTest.BEQFalseTest
[       OK ] BranchCondCheckTest.BEQFalseTest (0 ms)
[----------] 1 test from BranchCondCheckTest (0 ms total)

[----------] Global test environment tear-down
[==========] 1 test from 1 test suite ran. (0 ms total)
[  PASSED  ] 1 test.
<end of output>
Test time =   0.03 sec
----------------------------------------------------------
Test Passed.
"BranchCondCheckTest.BEQFalseTest" end time: Jan 15 22:41 Mountain Standard Time
"BranchCondCheckTest.BEQFalseTest" time elapsed: 00:00:00
----------------------------------------------------------

25/51 Testing: BranchCondCheckTest.BNETrueTest
25/51 Test: BranchCondCheckTest.BNETrueTest
Command: "C:/Users/user/Desktop/save/Code/CPU Visualizer/backend/build/tests/Debug/cpu_tests.exe" "--gtest_filter=BranchCondCheckTest.BNETrueTest" "--gtest_also_run_disabled_tests"
Directory: C:/Users/user/Desktop/save/Code/CPU Visualizer/backend/build/tests
"BranchCondCheckTest.BNETrueTest" start time: Jan 15 22:41 Mountain Standard Time
Output:
----------------------------------------------------------
Running main() from C:\Users\user\Desktop\save\Code\CPU Visualizer\backend\build\_deps\googletest-src\googletest\src\gtest_main.cc
Note: Google Test filter = BranchCondCheckTest.BNETrueTest
[==========] Running 1 test from 1 test suite.
[----------] Global test environment set-up.
[----------] 1 test from BranchCondCheckTest
[ RUN      ] BranchCondCheckTest.BNETrueTest
[       OK ] BranchCondCheckTest.BNETrueTest (0 ms)
[----------] 1 test from BranchCondCheckTest (0 ms total)

[----------] Global test environment tear-down
[==========] 1 test from 1 test suite ran. (0 ms total)
[  PASSED  ] 1 test.
<end of output>
Test time =   0.03 sec
----------------------------------------------------------
Test Passed.
"BranchCondCheckTest.BNETrueTest" end time: Jan 15 22:41 Mountain Standard Time
"BranchCondCheckTest.BNETrueTest" time elapsed: 00:00:00
----------------------------------------------------------

26/51 Testing: BranchCondCheckTest.BNEFalseTest
26/51 Test: BranchCondCheckTest.BNEFalseTest
Command: "C:/Users/user/Desktop/save/Code/CPU Visualizer/backend/build/tests/Debug/cpu_tests.exe" "--gtest_filter=BranchCondCheckTest.BNEFalseTest" "--gtest_also_run_disabled_tests"
Directory: C:/Users/user/Desktop/save/Code/CPU Visualizer/backend/build/tests
"BranchCondCheckTest.BNEFalseTest" start time: Jan 15 22:41 Mountain Standard Time
Output:
----------------------------------------------------------
Running main() from C:\Users\user\Desktop\save\Code\CPU Visualizer\backend\build\_deps\googletest-src\googletest\src\gtest_main.cc
Note: Google Test filter = BranchCondCheckTest.BNEFalseTest
[==========] Running 1 test from 1 test suite.
[----------] Global test environment set-up.
[----------] 1 test from BranchCondCheckTest
[ RUN      ] BranchCondCheckTest.BNEFalseTest
[       OK ] BranchCondCheckTest.BNEFalseTest (0 ms)
[----------] 1 test from BranchCondCheckTest (0 ms total)

[----------] Global test environment tear-down
[==========] 1 test from 1 test suite ran. (0 ms total)
[  PASSED  ] 1 test.
<end of output>
Test time =   0.02 sec
----------------------------------------------------------
Test Passed.
"BranchCondCheckTest.BNEFalseTest" end time: Jan 15 22:41 Mountain Standard Time
"BranchCondCheckTest.BNEFalseTest" time elapsed: 00:00:00
----------------------------------------------------------

27/51 Testing: BranchCondCheckTest.BLTZTrueTest
27/51 Test: BranchCondCheckTest.BLTZTrueTest
Command: "C:/Users/user/Desktop/save/Code/CPU Visualizer/backend/build/tests/Debug/cpu_tests.exe" "--gtest_filter=BranchCondCheckTest.BLTZTrueTest" "--gtest_also_run_disabled_tests"
Directory: C:/Users/user/Desktop/save/Code/CPU Visualizer/backend/build/tests
"BranchCondCheckTest.BLTZTrueTest" start time: Jan 15 22:41 Mountain Standard Time
Output:
----------------------------------------------------------
Running main() from C:\Users\user\Desktop\save\Code\CPU Visualizer\backend\build\_deps\googletest-src\googletest\src\gtest_main.cc
Note: Google Test filter = BranchCondCheckTest.BLTZTrueTest
[==========] Running 1 test from 1 test suite.
[----------] Global test environment set-up.
[----------] 1 test from BranchCondCheckTest
[ RUN      ] BranchCondCheckTest.BLTZTrueTest
[       OK ] BranchCondCheckTest.BLTZTrueTest (0 ms)
[----------] 1 test from BranchCondCheckTest (0 ms total)

[----------] Global test environment tear-down
[==========] 1 test from 1 test suite ran. (0 ms total)
[  PASSED  ] 1 test.
<end of output>
Test time =   0.02 sec
----------------------------------------------------------
Test Passed.
"BranchCondCheckTest.BLTZTrueTest" end time: Jan 15 22:41 Mountain Standard Time
"BranchCondCheckTest.BLTZTrueTest" time elapsed: 00:00:00
----------------------------------------------------------

28/51 Testing: BranchCondCheckTest.BLTZFalseTest
28/51 Test: BranchCondCheckTest.BLTZFalseTest
Command: "C:/Users/user/Desktop/save/Code/CPU Visualizer/backend/build/tests/Debug/cpu_tests.exe" "--gtest_filter=BranchCondCheckTest.BLTZFalseTest" "--gtest_also_run_disabled_tests"
Directory: C:/Users/user/Desktop/save/Code/CPU Visualizer/backend/build/tests
"BranchCondCheckTest.BLTZFalseTest" start time: Jan 15 22:41 Mountain Standard Time
Output:
----------------------------------------------------------
Running main() from C:\Users\user\Desktop\save\Code\CPU Visualizer\backend\build\_deps\googletest-src\googletest\src\gtest_main.cc
Note: Google Test filter = BranchCondCheckTest.BLTZFalseTest
[==========] Running 1 test from 1 test suite.
[----------] Global test environment set-up.
[----------] 1 test from BranchCondCheckTest
[ RUN      ] BranchCondCheckTest.BLTZFalseTest
[       OK ] BranchCondCheckTest.BLTZFalseTest (0 ms)
[----------] 1 test from BranchCondCheckTest (0 ms total)

[----------] Global test environment tear-down
[==========] 1 test from 1 test suite ran. (0 ms total)
[  PASSED  ] 1 test.
<end of output>
Test time =   0.03 sec
----------------------------------------------------------
Test Passed.
"BranchCondCheckTest.BLTZFalseTest" end time: Jan 15 22:41 Mountain Standard Time
"BranchCondCheckTest.BLTZFalseTest" time elapsed: 00:00:00
----------------------------------------------------------

29/51 Testing: NextAddrTest.IncrPCTest
29/51 Test: NextAddrTest.IncrPCTest
Command: "C:/Users/user/Desktop/save/Code/CPU Visualizer/backend/build/tests/Debug/cpu_tests.exe" "--gtest_filter=NextAddrTest.IncrPCTest" "--gtest_also_run_disabled_tests"
Directory: C:/Users/user/Desktop/save/Code/CPU Visualizer/backend/build/tests
"NextAddrTest.IncrPCTest" start time: Jan 15 22:41 Mountain Standard Time
Output:
----------------------------------------------------------
Running main() from C:\Users\user\Desktop\save\Code\CPU Visualizer\backend\build\_deps\googletest-src\googletest\src\gtest_main.cc
Note: Google Test filter = NextAddrTest.IncrPCTest
[==========] Running 1 test from 1 test suite.
[----------] Global test environment set-up.
[----------] 1 test from NextAddrTest
[ RUN      ] NextAddrTest.IncrPCTest
[       OK ] NextAddrTest.IncrPCTest (0 ms)
[----------] 1 test from NextAddrTest (0 ms total)

[----------] Global test environment tear-down
[==========] 1 test from 1 test suite ran. (0 ms total)
[  PASSED  ] 1 test.
<end of output>
Test time =   0.02 sec
----------------------------------------------------------
Test Passed.
"NextAddrTest.IncrPCTest" end time: Jan 15 22:41 Mountain Standard Time
"NextAddrTest.IncrPCTest" time elapsed: 00:00:00
----------------------------------------------------------

30/51 Testing: NextAddrTest.BranchTest
30/51 Test: NextAddrTest.BranchTest
Command: "C:/Users/user/Desktop/save/Code/CPU Visualizer/backend/build/tests/Debug/cpu_tests.exe" "--gtest_filter=NextAddrTest.BranchTest" "--gtest_also_run_disabled_tests"
Directory: C:/Users/user/Desktop/save/Code/CPU Visualizer/backend/build/tests
"NextAddrTest.BranchTest" start time: Jan 15 22:41 Mountain Standard Time
Output:
----------------------------------------------------------
Running main() from C:\Users\user\Desktop\save\Code\CPU Visualizer\backend\build\_deps\googletest-src\googletest\src\gtest_main.cc
Note: Google Test filter = NextAddrTest.BranchTest
[==========] Running 1 test from 1 test suite.
[----------] Global test environment set-up.
[----------] 1 test from NextAddrTest
[ RUN      ] NextAddrTest.BranchTest
[       OK ] NextAddrTest.BranchTest (0 ms)
[----------] 1 test from NextAddrTest (0 ms total)

[----------] Global test environment tear-down
[==========] 1 test from 1 test suite ran. (0 ms total)
[  PASSED  ] 1 test.
<end of output>
Test time =   0.02 sec
----------------------------------------------------------
Test Passed.
"NextAddrTest.BranchTest" end time: Jan 15 22:41 Mountain Standard Time
"NextAddrTest.BranchTest" time elapsed: 00:00:00
----------------------------------------------------------

31/51 Testing: NextAddrTest.JumpTest
31/51 Test: NextAddrTest.JumpTest
Command: "C:/Users/user/Desktop/save/Code/CPU Visualizer/backend/build/tests/Debug/cpu_tests.exe" "--gtest_filter=NextAddrTest.JumpTest" "--gtest_also_run_disabled_tests"
Directory: C:/Users/user/Desktop/save/Code/CPU Visualizer/backend/build/tests
"NextAddrTest.JumpTest" start time: Jan 15 22:41 Mountain Standard Time
Output:
----------------------------------------------------------
Running main() from C:\Users\user\Desktop\save\Code\CPU Visualizer\backend\build\_deps\googletest-src\googletest\src\gtest_main.cc
Note: Google Test filter = NextAddrTest.JumpTest
[==========] Running 1 test from 1 test suite.
[----------] Global test environment set-up.
[----------] 1 test from NextAddrTest
[ RUN      ] NextAddrTest.JumpTest
[       OK ] NextAddrTest.JumpTest (0 ms)
[----------] 1 test from NextAddrTest (0 ms total)

[----------] Global test environment tear-down
[==========] 1 test from 1 test suite ran. (0 ms total)
[  PASSED  ] 1 test.
<end of output>
Test time =   0.03 sec
----------------------------------------------------------
Test Passed.
"NextAddrTest.JumpTest" end time: Jan 15 22:41 Mountain Standard Time
"NextAddrTest.JumpTest" time elapsed: 00:00:00
----------------------------------------------------------

32/51 Testing: NextAddrTest.JumpRegisterTest
32/51 Test: NextAddrTest.JumpRegisterTest
Command: "C:/Users/user/Desktop/save/Code/CPU Visualizer/backend/build/tests/Debug/cpu_tests.exe" "--gtest_filter=NextAddrTest.JumpRegisterTest" "--gtest_also_run_disabled_tests"
Directory: C:/Users/user/Desktop/save/Code/CPU Visualizer/backend/build/tests
"NextAddrTest.JumpRegisterTest" start time: Jan 15 22:41 Mountain Standard Time
Output:
----------------------------------------------------------
Running main() from C:\Users\user\Desktop\save\Code\CPU Visualizer\backend\build\_deps\googletest-src\googletest\src\gtest_main.cc
Note: Google Test filter = NextAddrTest.JumpRegisterTest
[==========] Running 1 test from 1 test suite.
[----------] Global test environment set-up.
[----------] 1 test from NextAddrTest
[ RUN      ] NextAddrTest.JumpRegisterTest
[       OK ] NextAddrTest.JumpRegisterTest (0 ms)
[----------] 1 test from NextAddrTest (0 ms total)

[----------] Global test environment tear-down
[==========] 1 test from 1 test suite ran. (0 ms total)
[  PASSED  ] 1 test.
<end of output>
Test time =   0.03 sec
----------------------------------------------------------
Test Passed.
"NextAddrTest.JumpRegisterTest" end time: Jan 15 22:41 Mountain Standard Time
"NextAddrTest.JumpRegisterTest" time elapsed: 00:00:00
----------------------------------------------------------

33/51 Testing: NextAddrTest.SysCallTest
33/51 Test: NextAddrTest.SysCallTest
Command: "C:/Users/user/Desktop/save/Code/CPU Visualizer/backend/build/tests/Debug/cpu_tests.exe" "--gtest_filter=NextAddrTest.SysCallTest" "--gtest_also_run_disabled_tests"
Directory: C:/Users/user/Desktop/save/Code/CPU Visualizer/backend/build/tests
"NextAddrTest.SysCallTest" start time: Jan 15 22:41 Mountain Standard Time
Output:
----------------------------------------------------------
Running main() from C:\Users\user\Desktop\save\Code\CPU Visualizer\backend\build\_deps\googletest-src\googletest\src\gtest_main.cc
Note: Google Test filter = NextAddrTest.SysCallTest
[==========] Running 1 test from 1 test suite.
[----------] Global test environment set-up.
[----------] 1 test from NextAddrTest
[ RUN      ] NextAddrTest.SysCallTest
[       OK ] NextAddrTest.SysCallTest (0 ms)
[----------] 1 test from NextAddrTest (0 ms total)

[----------] Global test environment tear-down
[==========] 1 test from 1 test suite ran. (0 ms total)
[  PASSED  ] 1 test.
<end of output>
Test time =   0.03 sec
----------------------------------------------------------
Test Passed.
"NextAddrTest.SysCallTest" end time: Jan 15 22:41 Mountain Standard Time
"NextAddrTest.SysCallTest" time elapsed: 00:00:00
----------------------------------------------------------

34/51 Testing: RegFileTest.SetRegTest
34/51 Test: RegFileTest.SetRegTest
Command: "C:/Users/user/Desktop/save/Code/CPU Visualizer/backend/build/tests/Debug/cpu_tests.exe" "--gtest_filter=RegFileTest.SetRegTest" "--gtest_also_run_disabled_tests"
Directory: C:/Users/user/Desktop/save/Code/CPU Visualizer/backend/build/tests
"RegFileTest.SetRegTest" start time: Jan 15 22:41 Mountain Standard Time
Output:
----------------------------------------------------------
Running main() from C:\Users\user\Desktop\save\Code\CPU Visualizer\backend\build\_deps\googletest-src\googletest\src\gtest_main.cc
Note: Google Test filter = RegFileTest.SetRegTest
[==========] Running 1 test from 1 test suite.
[----------] Global test environment set-up.
[----------] 1 test from RegFileTest
[ RUN      ] RegFileTest.SetRegTest
[       OK ] RegFileTest.SetRegTest (0 ms)
[----------] 1 test from RegFileTest (0 ms total)

[----------] Global test environment tear-down
[==========] 1 test from 1 test suite ran. (0 ms total)
[  PASSED  ] 1 test.
<end of output>
Test time =   0.03 sec
----------------------------------------------------------
Test Passed.
"RegFileTest.SetRegTest" end time: Jan 15 22:41 Mountain Standard Time
"RegFileTest.SetRegTest" time elapsed: 00:00:00
----------------------------------------------------------

35/51 Testing: InstructionTest.GetSetBits
35/51 Test: InstructionTest.GetSetBits
Command: "C:/Users/user/Desktop/save/Code/CPU Visualizer/backend/build/tests/Debug/cpu_tests.exe" "--gtest_filter=InstructionTest.GetSetBits" "--gtest_also_run_disabled_tests"
Directory: C:/Users/user/Desktop/save/Code/CPU Visualizer/backend/build/tests
"InstructionTest.GetSetBits" start time: Jan 15 22:41 Mountain Standard Time
Output:
----------------------------------------------------------
Running main() from C:\Users\user\Desktop\save\Code\CPU Visualizer\backend\build\_deps\googletest-src\googletest\src\gtest_main.cc
Note: Google Test filter = InstructionTest.GetSetBits
[==========] Running 1 test from 1 test suite.
[----------] Global test environment set-up.
[----------] 1 test from InstructionTest
[ RUN      ] InstructionTest.GetSetBits
[       OK ] InstructionTest.GetSetBits (0 ms)
[----------] 1 test from InstructionTest (0 ms total)

[----------] Global test environment tear-down
[==========] 1 test from 1 test suite ran. (0 ms total)
[  PASSED  ] 1 test.
<end of output>
Test time =   0.03 sec
----------------------------------------------------------
Test Passed.
"InstructionTest.GetSetBits" end time: Jan 15 22:41 Mountain Standard Time
"InstructionTest.GetSetBits" time elapsed: 00:00:00
----------------------------------------------------------

36/51 Testing: InstructionTest.RType
36/51 Test: InstructionTest.RType
Command: "C:/Users/user/Desktop/save/Code/CPU Visualizer/backend/build/tests/Debug/cpu_tests.exe" "--gtest_filter=InstructionTest.RType" "--gtest_also_run_disabled_tests"
Directory: C:/Users/user/Desktop/save/Code/CPU Visualizer/backend/build/tests
"InstructionTest.RType" start time: Jan 15 22:41 Mountain Standard Time
Output:
----------------------------------------------------------
Running main() from C:\Users\user\Desktop\save\Code\CPU Visualizer\backend\build\_deps\googletest-src\googletest\src\gtest_main.cc
Note: Google Test filter = InstructionTest.RType
[==========] Running 1 test from 1 test suite.
[----------] Global test environment set-up.
[----------] 1 test from InstructionTest
[ RUN      ] InstructionTest.RType
[       OK ] InstructionTest.RType (0 ms)
[----------] 1 test from InstructionTest (0 ms total)

[----------] Global test environment tear-down
[==========] 1 test from 1 test suite ran. (0 ms total)
[  PASSED  ] 1 test.
<end of output>
Test time =   0.03 sec
----------------------------------------------------------
Test Passed.
"InstructionTest.RType" end time: Jan 15 22:41 Mountain Standard Time
"InstructionTest.RType" time elapsed: 00:00:00
----------------------------------------------------------

37/51 Testing: InstructionTest.IType
37/51 Test: InstructionTest.IType
Command: "C:/Users/user/Desktop/save/Code/CPU Visualizer/backend/build/tests/Debug/cpu_tests.exe" "--gtest_filter=InstructionTest.IType" "--gtest_also_run_disabled_tests"
Directory: C:/Users/user/Desktop/save/Code/CPU Visualizer/backend/build/tests
"InstructionTest.IType" start time: Jan 15 22:41 Mountain Standard Time
Output:
----------------------------------------------------------
Running main() from C:\Users\user\Desktop\save\Code\CPU Visualizer\backend\build\_deps\googletest-src\googletest\src\gtest_main.cc
Note: Google Test filter = InstructionTest.IType
[==========] Running 1 test from 1 test suite.
[----------] Global test environment set-up.
[----------] 1 test from InstructionTest
[ RUN      ] InstructionTest.IType
[       OK ] InstructionTest.IType (0 ms)
[----------] 1 test from InstructionTest (0 ms total)

[----------] Global test environment tear-down
[==========] 1 test from 1 test suite ran. (0 ms total)
[  PASSED  ] 1 test.
<end of output>
Test time =   0.03 sec
----------------------------------------------------------
Test Passed.
"InstructionTest.IType" end time: Jan 15 22:41 Mountain Standard Time
"InstructionTest.IType" time elapsed: 00:00:00
----------------------------------------------------------

38/51 Testing: InstructionTest.JType
38/51 Test: InstructionTest.JType
Command: "C:/Users/user/Desktop/save/Code/CPU Visualizer/backend/build/tests/Debug/cpu_tests.exe" "--gtest_filter=InstructionTest.JType" "--gtest_also_run_disabled_tests"
Directory: C:/Users/user/Desktop/save/Code/CPU Visualizer/backend/build/tests
"InstructionTest.JType" start time: Jan 15 22:41 Mountain Standard Time
Output:
----------------------------------------------------------
Running main() from C:\Users\user\Desktop\save\Code\CPU Visualizer\backend\build\_deps\googletest-src\googletest\src\gtest_main.cc
Note: Google Test filter = InstructionTest.JType
[==========] Running 1 test from 1 test suite.
[----------] Global test environment set-up.
[----------] 1 test from InstructionTest
[ RUN      ] InstructionTest.JType
[       OK ] InstructionTest.JType (0 ms)
[----------] 1 test from InstructionTest (0 ms total)

[----------] Global test environment tear-down
[==========] 1 test from 1 test suite ran. (0 ms total)
[  PASSED  ] 1 test.
<end of output>
Test time =   0.03 sec
----------------------------------------------------------
Test Passed.
"InstructionTest.JType" end time: Jan 15 22:41 Mountain Standard Time
"InstructionTest.JType" time elapsed: 00:00:00
----------------------------------------------------------

39/51 Testing: InstructionTest.ADD
39/51 Test: InstructionTest.ADD
Command: "C:/Users/user/Desktop/save/Code/CPU Visualizer/backend/build/tests/Debug/cpu_tests.exe" "--gtest_filter=InstructionTest.ADD" "--gtest_also_run_disabled_tests"
Directory: C:/Users/user/Desktop/save/Code/CPU Visualizer/backend/build/tests
"InstructionTest.ADD" start time: Jan 15 22:41 Mountain Standard Time
Output:
----------------------------------------------------------
Running main() from C:\Users\user\Desktop\save\Code\CPU Visualizer\backend\build\_deps\googletest-src\googletest\src\gtest_main.cc
Note: Google Test filter = InstructionTest.ADD
[==========] Running 1 test from 1 test suite.
[----------] Global test environment set-up.
[----------] 1 test from InstructionTest
[ RUN      ] InstructionTest.ADD
[       OK ] InstructionTest.ADD (0 ms)
[----------] 1 test from InstructionTest (0 ms total)

[----------] Global test environment tear-down
[==========] 1 test from 1 test suite ran. (0 ms total)
[  PASSED  ] 1 test.
<end of output>
Test time =   0.03 sec
----------------------------------------------------------
Test Passed.
"InstructionTest.ADD" end time: Jan 15 22:41 Mountain Standard Time
"InstructionTest.ADD" time elapsed: 00:00:00
----------------------------------------------------------

40/51 Testing: InstrCacheTest.GetInstruction
40/51 Test: InstrCacheTest.GetInstruction
Command: "C:/Users/user/Desktop/save/Code/CPU Visualizer/backend/build/tests/Debug/cpu_tests.exe" "--gtest_filter=InstrCacheTest.GetInstruction" "--gtest_also_run_disabled_tests"
Directory: C:/Users/user/Desktop/save/Code/CPU Visualizer/backend/build/tests
"InstrCacheTest.GetInstruction" start time: Jan 15 22:41 Mountain Standard Time
Output:
----------------------------------------------------------
Running main() from C:\Users\user\Desktop\save\Code\CPU Visualizer\backend\build\_deps\googletest-src\googletest\src\gtest_main.cc
Note: Google Test filter = InstrCacheTest.GetInstruction
[==========] Running 1 test from 1 test suite.
[----------] Global test environment set-up.
[----------] 1 test from InstrCacheTest
[ RUN      ] InstrCacheTest.GetInstruction
[       OK ] InstrCacheTest.GetInstruction (0 ms)
[----------] 1 test from InstrCacheTest (0 ms total)

[----------] Global test environment tear-down
[==========] 1 test from 1 test suite ran. (0 ms total)
[  PASSED  ] 1 test.
<end of output>
Test time =   0.02 sec
----------------------------------------------------------
Test Passed.
"InstrCacheTest.GetInstruction" end time: Jan 15 22:41 Mountain Standard Time
"InstrCacheTest.GetInstruction" time elapsed: 00:00:00
----------------------------------------------------------

41/51 Testing: ControlUnitTest.ADDIInstruction
41/51 Test: ControlUnitTest.ADDIInstruction
Command: "C:/Users/user/Desktop/save/Code/CPU Visualizer/backend/build/tests/Debug/cpu_tests.exe" "--gtest_filter=ControlUnitTest.ADDIInstruction" "--gtest_also_run_disabled_tests"
Directory: C:/Users/user/Desktop/save/Code/CPU Visualizer/backend/build/tests
"ControlUnitTest.ADDIInstruction" start time: Jan 15 22:41 Mountain Standard Time
Output:
----------------------------------------------------------
Running main() from C:\Users\user\Desktop\save\Code\CPU Visualizer\backend\build\_deps\googletest-src\googletest\src\gtest_main.cc
Note: Google Test filter = ControlUnitTest.ADDIInstruction
[==========] Running 1 test from 1 test suite.
[----------] Global test environment set-up.
[----------] 1 test from ControlUnitTest
[ RUN      ] ControlUnitTest.ADDIInstruction
[       OK ] ControlUnitTest.ADDIInstruction (0 ms)
[----------] 1 test from ControlUnitTest (0 ms total)

[----------] Global test environment tear-down
[==========] 1 test from 1 test suite ran. (0 ms total)
[  PASSED  ] 1 test.
<end of output>
Test time =   0.03 sec
----------------------------------------------------------
Test Passed.
"ControlUnitTest.ADDIInstruction" end time: Jan 15 22:41 Mountain Standard Time
"ControlUnitTest.ADDIInstruction" time elapsed: 00:00:00
----------------------------------------------------------

42/51 Testing: ControlUnitTest.SLTIInstruction
42/51 Test: ControlUnitTest.SLTIInstruction
Command: "C:/Users/user/Desktop/save/Code/CPU Visualizer/backend/build/tests/Debug/cpu_tests.exe" "--gtest_filter=ControlUnitTest.SLTIInstruction" "--gtest_also_run_disabled_tests"
Directory: C:/Users/user/Desktop/save/Code/CPU Visualizer/backend/build/tests
"ControlUnitTest.SLTIInstruction" start time: Jan 15 22:41 Mountain Standard Time
Output:
----------------------------------------------------------
Running main() from C:\Users\user\Desktop\save\Code\CPU Visualizer\backend\build\_deps\googletest-src\googletest\src\gtest_main.cc
Note: Google Test filter = ControlUnitTest.SLTIInstruction
[==========] Running 1 test from 1 test suite.
[----------] Global test environment set-up.
[----------] 1 test from ControlUnitTest
[ RUN      ] ControlUnitTest.SLTIInstruction
[       OK ] ControlUnitTest.SLTIInstruction (0 ms)
[----------] 1 test from ControlUnitTest (0 ms total)

[----------] Global test environment tear-down
[==========] 1 test from 1 test suite ran. (0 ms total)
[  PASSED  ] 1 test.
<end of output>
Test time =   0.03 sec
----------------------------------------------------------
Test Passed.
"ControlUnitTest.SLTIInstruction" end time: Jan 15 22:41 Mountain Standard Time
"ControlUnitTest.SLTIInstruction" time elapsed: 00:00:00
----------------------------------------------------------

43/51 Testing: ControlUnitTest.ANDIInstruction
43/51 Test: ControlUnitTest.ANDIInstruction
Command: "C:/Users/user/Desktop/save/Code/CPU Visualizer/backend/build/tests/Debug/cpu_tests.exe" "--gtest_filter=ControlUnitTest.ANDIInstruction" "--gtest_also_run_disabled_tests"
Directory: C:/Users/user/Desktop/save/Code/CPU Visualizer/backend/build/tests
"ControlUnitTest.ANDIInstruction" start time: Jan 15 22:41 Mountain Standard Time
Output:
----------------------------------------------------------
Running main() from C:\Users\user\Desktop\save\Code\CPU Visualizer\backend\build\_deps\googletest-src\googletest\src\gtest_main.cc
Note: Google Test filter = ControlUnitTest.ANDIInstruction
[==========] Running 1 test from 1 test suite.
[----------] Global test environment set-up.
[----------] 1 test from ControlUnitTest
[ RUN      ] ControlUnitTest.ANDIInstruction
[       OK ] ControlUnitTest.ANDIInstruction (0 ms)
[----------] 1 test from ControlUnitTest (0 ms total)

[----------] Global test environment tear-down
[==========] 1 test from 1 test suite ran. (0 ms total)
[  PASSED  ] 1 test.
<end of output>
Test time =   0.03 sec
----------------------------------------------------------
Test Passed.
"ControlUnitTest.ANDIInstruction" end time: Jan 15 22:41 Mountain Standard Time
"ControlUnitTest.ANDIInstruction" time elapsed: 00:00:00
----------------------------------------------------------

44/51 Testing: ControlUnitTest.ORIInstruction
44/51 Test: ControlUnitTest.ORIInstruction
Command: "C:/Users/user/Desktop/save/Code/CPU Visualizer/backend/build/tests/Debug/cpu_tests.exe" "--gtest_filter=ControlUnitTest.ORIInstruction" "--gtest_also_run_disabled_tests"
Directory: C:/Users/user/Desktop/save/Code/CPU Visualizer/backend/build/tests
"ControlUnitTest.ORIInstruction" start time: Jan 15 22:41 Mountain Standard Time
Output:
----------------------------------------------------------
Running main() from C:\Users\user\Desktop\save\Code\CPU Visualizer\backend\build\_deps\googletest-src\googletest\src\gtest_main.cc
Note: Google Test filter = ControlUnitTest.ORIInstruction
[==========] Running 1 test from 1 test suite.
[----------] Global test environment set-up.
[----------] 1 test from ControlUnitTest
[ RUN      ] ControlUnitTest.ORIInstruction
[       OK ] ControlUnitTest.ORIInstruction (0 ms)
[----------] 1 test from ControlUnitTest (0 ms total)

[----------] Global test environment tear-down
[==========] 1 test from 1 test suite ran. (0 ms total)
[  PASSED  ] 1 test.
<end of output>
Test time =   0.02 sec
----------------------------------------------------------
Test Passed.
"ControlUnitTest.ORIInstruction" end time: Jan 15 22:41 Mountain Standard Time
"ControlUnitTest.ORIInstruction" time elapsed: 00:00:00
----------------------------------------------------------

45/51 Testing: ControlUnitTest.JUMPInstruction
45/51 Test: ControlUnitTest.JUMPInstruction
Command: "C:/Users/user/Desktop/save/Code/CPU Visualizer/backend/build/tests/Debug/cpu_tests.exe" "--gtest_filter=ControlUnitTest.JUMPInstruction" "--gtest_also_run_disabled_tests"
Directory: C:/Users/user/Desktop/save/Code/CPU Visualizer/backend/build/tests
"ControlUnitTest.JUMPInstruction" start time: Jan 15 22:41 Mountain Standard Time
Output:
----------------------------------------------------------
Running main() from C:\Users\user\Desktop\save\Code\CPU Visualizer\backend\build\_deps\googletest-src\googletest\src\gtest_main.cc
Note: Google Test filter = ControlUnitTest.JUMPInstruction
[==========] Running 1 test from 1 test suite.
[----------] Global test environment set-up.
[----------] 1 test from ControlUnitTest
[ RUN      ] ControlUnitTest.JUMPInstruction
[       OK ] ControlUnitTest.JUMPInstruction (0 ms)
[----------] 1 test from ControlUnitTest (0 ms total)

[----------] Global test environment tear-down
[==========] 1 test from 1 test suite ran. (0 ms total)
[  PASSED  ] 1 test.
<end of output>
Test time =   0.03 sec
----------------------------------------------------------
Test Passed.
"ControlUnitTest.JUMPInstruction" end time: Jan 15 22:41 Mountain Standard Time
"ControlUnitTest.JUMPInstruction" time elapsed: 00:00:00
----------------------------------------------------------

46/51 Testing: ControlUnitTest.BEQInstruction
46/51 Test: ControlUnitTest.BEQInstruction
Command: "C:/Users/user/Desktop/save/Code/CPU Visualizer/backend/build/tests/Debug/cpu_tests.exe" "--gtest_filter=ControlUnitTest.BEQInstruction" "--gtest_also_run_disabled_tests"
Directory: C:/Users/user/Desktop/save/Code/CPU Visualizer/backend/build/tests
"ControlUnitTest.BEQInstruction" start time: Jan 15 22:41 Mountain Standard Time
Output:
----------------------------------------------------------
Running main() from C:\Users\user\Desktop\save\Code\CPU Visualizer\backend\build\_deps\googletest-src\googletest\src\gtest_main.cc
Note: Google Test filter = ControlUnitTest.BEQInstruction
[==========] Running 1 test from 1 test suite.
[----------] Global test environment set-up.
[----------] 1 test from ControlUnitTest
[ RUN      ] ControlUnitTest.BEQInstruction
[       OK ] ControlUnitTest.BEQInstruction (0 ms)
[----------] 1 test from ControlUnitTest (0 ms total)

[----------] Global test environment tear-down
[==========] 1 test from 1 test suite ran. (0 ms total)
[  PASSED  ] 1 test.
<end of output>
Test time =   0.03 sec
----------------------------------------------------------
Test Passed.
"ControlUnitTest.BEQInstruction" end time: Jan 15 22:41 Mountain Standard Time
"ControlUnitTest.BEQInstruction" time elapsed: 00:00:00
----------------------------------------------------------

47/51 Testing: ControlUnitTest.ADDInstruction
47/51 Test: ControlUnitTest.ADDInstruction
Command: "C:/Users/user/Desktop/save/Code/CPU Visualizer/backend/build/tests/Debug/cpu_tests.exe" "--gtest_filter=ControlUnitTest.ADDInstruction" "--gtest_also_run_disabled_tests"
Directory: C:/Users/user/Desktop/save/Code/CPU Visualizer/backend/build/tests
"ControlUnitTest.ADDInstruction" start time: Jan 15 22:41 Mountain Standard Time
Output:
----------------------------------------------------------
Running main() from C:\Users\user\Desktop\save\Code\CPU Visualizer\backend\build\_deps\googletest-src\googletest\src\gtest_main.cc
Note: Google Test filter = ControlUnitTest.ADDInstruction
[==========] Running 1 test from 1 test suite.
[----------] Global test environment set-up.
[----------] 1 test from ControlUnitTest
[ RUN      ] ControlUnitTest.ADDInstruction
[       OK ] ControlUnitTest.ADDInstruction (0 ms)
[----------] 1 test from ControlUnitTest (0 ms total)

[----------] Global test environment tear-down
[==========] 1 test from 1 test suite ran. (0 ms total)
[  PASSED  ] 1 test.
<end of output>
Test time =   0.03 sec
----------------------------------------------------------
Test Passed.
"ControlUnitTest.ADDInstruction" end time: Jan 15 22:41 Mountain Standard Time
"ControlUnitTest.ADDInstruction" time elapsed: 00:00:00
----------------------------------------------------------

48/51 Testing: ControlUnitTest.SUBInstruction
48/51 Test: ControlUnitTest.SUBInstruction
Command: "C:/Users/user/Desktop/save/Code/CPU Visualizer/backend/build/tests/Debug/cpu_tests.exe" "--gtest_filter=ControlUnitTest.SUBInstruction" "--gtest_also_run_disabled_tests"
Directory: C:/Users/user/Desktop/save/Code/CPU Visualizer/backend/build/tests
"ControlUnitTest.SUBInstruction" start time: Jan 15 22:41 Mountain Standard Time
Output:
----------------------------------------------------------
Running main() from C:\Users\user\Desktop\save\Code\CPU Visualizer\backend\build\_deps\googletest-src\googletest\src\gtest_main.cc
Note: Google Test filter = ControlUnitTest.SUBInstruction
[==========] Running 1 test from 1 test suite.
[----------] Global test environment set-up.
[----------] 1 test from ControlUnitTest
[ RUN      ] ControlUnitTest.SUBInstruction
[       OK ] ControlUnitTest.SUBInstruction (0 ms)
[----------] 1 test from ControlUnitTest (0 ms total)

[----------] Global test environment tear-down
[==========] 1 test from 1 test suite ran. (0 ms total)
[  PASSED  ] 1 test.
<end of output>
Test time =   0.02 sec
----------------------------------------------------------
Test Passed.
"ControlUnitTest.SUBInstruction" end time: Jan 15 22:41 Mountain Standard Time
"ControlUnitTest.SUBInstruction" time elapsed: 00:00:00
----------------------------------------------------------

49/51 Testing: PCTest.PCInitialization
49/51 Test: PCTest.PCInitialization
Command: "C:/Users/user/Desktop/save/Code/CPU Visualizer/backend/build/tests/Debug/cpu_tests.exe" "--gtest_filter=PCTest.PCInitialization" "--gtest_also_run_disabled_tests"
Directory: C:/Users/user/Desktop/save/Code/CPU Visualizer/backend/build/tests
"PCTest.PCInitialization" start time: Jan 15 22:41 Mountain Standard Time
Output:
----------------------------------------------------------
Running main() from C:\Users\user\Desktop\save\Code\CPU Visualizer\backend\build\_deps\googletest-src\googletest\src\gtest_main.cc
Note: Google Test filter = PCTest.PCInitialization
[==========] Running 1 test from 1 test suite.
[----------] Global test environment set-up.
[----------] 1 test from PCTest
[ RUN      ] PCTest.PCInitialization
[       OK ] PCTest.PCInitialization (0 ms)
[----------] 1 test from PCTest (0 ms total)

[----------] Global test environment tear-down
[==========] 1 test from 1 test suite ran. (0 ms total)
[  PASSED  ] 1 test.
<end of output>
Test time =   0.02 sec
----------------------------------------------------------
Test Passed.
"PCTest.PCInitialization" end time: Jan 15 22:41 Mountain Standard Time
"PCTest.PCInitialization" time elapsed: 00:00:00
----------------------------------------------------------

50/51 Testing: PCTest.PCEval
50/51 Test: PCTest.PCEval
Command: "C:/Users/user/Desktop/save/Code/CPU Visualizer/backend/build/tests/Debug/cpu_tests.exe" "--gtest_filter=PCTest.PCEval" "--gtest_also_run_disabled_tests"
Directory: C:/Users/user/Desktop/save/Code/CPU Visualizer/backend/build/tests
"PCTest.PCEval" start time: Jan 15 22:41 Mountain Standard Time
Output:
----------------------------------------------------------
Running main() from C:\Users\user\Desktop\save\Code\CPU Visualizer\backend\build\_deps\googletest-src\googletest\src\gtest_main.cc
Note: Google Test filter = PCTest.PCEval
[==========] Running 1 test from 1 test suite.
[----------] Global test environment set-up.
[----------] 1 test from PCTest
[ RUN      ] PCTest.PCEval
[       OK ] PCTest.PCEval (0 ms)
[----------] 1 test from PCTest (0 ms total)

[----------] Global test environment tear-down
[==========] 1 test from 1 test suite ran. (0 ms total)
[  PASSED  ] 1 test.
<end of output>
Test time =   0.02 sec
----------------------------------------------------------
Test Passed.
"PCTest.PCEval" end time: Jan 15 22:41 Mountain Standard Time
"PCTest.PCEval" time elapsed: 00:00:00
----------------------------------------------------------

51/51 Testing: CPUTEST.SingleInstructionTest
51/51 Test: CPUTEST.SingleInstructionTest
Command: "C:/Users/user/Desktop/save/Code/CPU Visualizer/backend/build/tests/Debug/cpu_tests.exe" "--gtest_filter=CPUTEST.SingleInstructionTest" "--gtest_also_run_disabled_tests"
Directory: C:/Users/user/Desktop/save/Code/CPU Visualizer/backend/build/tests
"CPUTEST.SingleInstructionTest" start time: Jan 15 22:41 Mountain Standard Time
Output:
----------------------------------------------------------
Running main() from C:\Users\user\Desktop\save\Code\CPU Visualizer\backend\build\_deps\googletest-src\googletest\src\gtest_main.cc
Note: Google Test filter = CPUTEST.SingleInstructionTest
[==========] Running 1 test from 1 test suite.
[----------] Global test environment set-up.
[----------] 1 test from CPUTEST
[ RUN      ] CPUTEST.SingleInstructionTest
[       OK ] CPUTEST.SingleInstructionTest (0 ms)
[----------] 1 test from CPUTEST (0 ms total)

[----------] Global test environment tear-down
[==========] 1 test from 1 test suite ran. (0 ms total)
[  PASSED  ] 1 test.
<end of output>
Test time =   0.03 sec
----------------------------------------------------------
Test Passed.
"CPUTEST.SingleInstructionTest" end time: Jan 15 22:41 Mountain Standard Time
"CPUTEST.SingleInstructionTest" time elapsed: 00:00:00
----------------------------------------------------------

End testing: Jan 15 22:41 Mountain Standard Time
