Start testing: Dec 29 21:23 Mountain Standard Time
----------------------------------------------------------
1/3 Testing: WireTest.MaskingWorks
1/3 Test: WireTest.MaskingWorks
Command: "C:/Users/user/Desktop/save/Code/CPU Visualizer/backend/build/tests/Debug/cpu_tests.exe" "--gtest_filter=WireTest.MaskingWorks" "--gtest_also_run_disabled_tests"
Directory: C:/Users/user/Desktop/save/Code/CPU Visualizer/backend/build/tests
"WireTest.MaskingWorks" start time: Dec 29 21:23 Mountain Standard Time
Output:
----------------------------------------------------------
Running main() from C:\Users\user\Desktop\save\Code\CPU Visualizer\backend\build\_deps\googletest-src\googletest\src\gtest_main.cc
Note: Google Test filter = WireTest.MaskingWorks
[==========] Running 1 test from 1 test suite.
[----------] Global test environment set-up.
[----------] 1 test from WireTest
[ RUN      ] WireTest.MaskingWorks
[       OK ] WireTest.MaskingWorks (0 ms)
[----------] 1 test from WireTest (0 ms total)

[----------] Global test environment tear-down
[==========] 1 test from 1 test suite ran. (0 ms total)
[  PASSED  ] 1 test.
<end of output>
Test time =   0.02 sec
----------------------------------------------------------
Test Passed.
"WireTest.MaskingWorks" end time: Dec 29 21:23 Mountain Standard Time
"WireTest.MaskingWorks" time elapsed: 00:00:00
----------------------------------------------------------

2/3 Testing: WireTest.GetBit
2/3 Test: WireTest.GetBit
Command: "C:/Users/user/Desktop/save/Code/CPU Visualizer/backend/build/tests/Debug/cpu_tests.exe" "--gtest_filter=WireTest.GetBit" "--gtest_also_run_disabled_tests"
Directory: C:/Users/user/Desktop/save/Code/CPU Visualizer/backend/build/tests
"WireTest.GetBit" start time: Dec 29 21:23 Mountain Standard Time
Output:
----------------------------------------------------------
Running main() from C:\Users\user\Desktop\save\Code\CPU Visualizer\backend\build\_deps\googletest-src\googletest\src\gtest_main.cc
Note: Google Test filter = WireTest.GetBit
[==========] Running 1 test from 1 test suite.
[----------] Global test environment set-up.
[----------] 1 test from WireTest
[ RUN      ] WireTest.GetBit
[       OK ] WireTest.GetBit (0 ms)
[----------] 1 test from WireTest (0 ms total)

[----------] Global test environment tear-down
[==========] 1 test from 1 test suite ran. (0 ms total)
[  PASSED  ] 1 test.
<end of output>
Test time =   0.02 sec
----------------------------------------------------------
Test Passed.
"WireTest.GetBit" end time: Dec 29 21:23 Mountain Standard Time
"WireTest.GetBit" time elapsed: 00:00:00
----------------------------------------------------------

3/3 Testing: FullAdderTest.AdditionTest
3/3 Test: FullAdderTest.AdditionTest
Command: "C:/Users/user/Desktop/save/Code/CPU Visualizer/backend/build/tests/Debug/cpu_tests.exe" "--gtest_filter=FullAdderTest.AdditionTest" "--gtest_also_run_disabled_tests"
Directory: C:/Users/user/Desktop/save/Code/CPU Visualizer/backend/build/tests
"FullAdderTest.AdditionTest" start time: Dec 29 21:23 Mountain Standard Time
Output:
----------------------------------------------------------
Running main() from C:\Users\user\Desktop\save\Code\CPU Visualizer\backend\build\_deps\googletest-src\googletest\src\gtest_main.cc
Note: Google Test filter = FullAdderTest.AdditionTest
[==========] Running 1 test from 1 test suite.
[----------] Global test environment set-up.
[----------] 1 test from FullAdderTest
[ RUN      ] FullAdderTest.AdditionTest
[       OK ] FullAdderTest.AdditionTest (0 ms)
[----------] 1 test from FullAdderTest (0 ms total)

[----------] Global test environment tear-down
[==========] 1 test from 1 test suite ran. (0 ms total)
[  PASSED  ] 1 test.
<end of output>
Test time =   0.02 sec
----------------------------------------------------------
Test Passed.
"FullAdderTest.AdditionTest" end time: Dec 29 21:23 Mountain Standard Time
"FullAdderTest.AdditionTest" time elapsed: 00:00:00
----------------------------------------------------------

End testing: Dec 29 21:23 Mountain Standard Time
