Start testing: Dec 30 17:50 Mountain Standard Time
----------------------------------------------------------
1/11 Testing: GatesTest.AndGateTest
1/11 Test: GatesTest.AndGateTest
Command: "C:/Users/user/Desktop/save/Code/CPU Visualizer/backend/build/tests/Debug/cpu_tests.exe" "--gtest_filter=GatesTest.AndGateTest" "--gtest_also_run_disabled_tests"
Directory: C:/Users/user/Desktop/save/Code/CPU Visualizer/backend/build/tests
"GatesTest.AndGateTest" start time: Dec 30 17:50 Mountain Standard Time
Output:
----------------------------------------------------------
Running main() from C:\Users\user\Desktop\save\Code\CPU Visualizer\backend\build\_deps\googletest-src\googletest\src\gtest_main.cc
Note: Google Test filter = GatesTest.AndGateTest
[==========] Running 1 test from 1 test suite.
[----------] Global test environment set-up.
[----------] 1 test from GatesTest
[ RUN      ] GatesTest.AndGateTest
[       OK ] GatesTest.AndGateTest (0 ms)
[----------] 1 test from GatesTest (0 ms total)

[----------] Global test environment tear-down
[==========] 1 test from 1 test suite ran. (0 ms total)
[  PASSED  ] 1 test.
<end of output>
Test time =   0.02 sec
----------------------------------------------------------
Test Passed.
"GatesTest.AndGateTest" end time: Dec 30 17:50 Mountain Standard Time
"GatesTest.AndGateTest" time elapsed: 00:00:00
----------------------------------------------------------

2/11 Testing: GatesTest.OrGateTest
2/11 Test: GatesTest.OrGateTest
Command: "C:/Users/user/Desktop/save/Code/CPU Visualizer/backend/build/tests/Debug/cpu_tests.exe" "--gtest_filter=GatesTest.OrGateTest" "--gtest_also_run_disabled_tests"
Directory: C:/Users/user/Desktop/save/Code/CPU Visualizer/backend/build/tests
"GatesTest.OrGateTest" start time: Dec 30 17:50 Mountain Standard Time
Output:
----------------------------------------------------------
Running main() from C:\Users\user\Desktop\save\Code\CPU Visualizer\backend\build\_deps\googletest-src\googletest\src\gtest_main.cc
Note: Google Test filter = GatesTest.OrGateTest
[==========] Running 1 test from 1 test suite.
[----------] Global test environment set-up.
[----------] 1 test from GatesTest
[ RUN      ] GatesTest.OrGateTest
[       OK ] GatesTest.OrGateTest (0 ms)
[----------] 1 test from GatesTest (0 ms total)

[----------] Global test environment tear-down
[==========] 1 test from 1 test suite ran. (0 ms total)
[  PASSED  ] 1 test.
<end of output>
Test time =   0.02 sec
----------------------------------------------------------
Test Passed.
"GatesTest.OrGateTest" end time: Dec 30 17:50 Mountain Standard Time
"GatesTest.OrGateTest" time elapsed: 00:00:00
----------------------------------------------------------

3/11 Testing: GatesTest.XorGateTest
3/11 Test: GatesTest.XorGateTest
Command: "C:/Users/user/Desktop/save/Code/CPU Visualizer/backend/build/tests/Debug/cpu_tests.exe" "--gtest_filter=GatesTest.XorGateTest" "--gtest_also_run_disabled_tests"
Directory: C:/Users/user/Desktop/save/Code/CPU Visualizer/backend/build/tests
"GatesTest.XorGateTest" start time: Dec 30 17:50 Mountain Standard Time
Output:
----------------------------------------------------------
Running main() from C:\Users\user\Desktop\save\Code\CPU Visualizer\backend\build\_deps\googletest-src\googletest\src\gtest_main.cc
Note: Google Test filter = GatesTest.XorGateTest
[==========] Running 1 test from 1 test suite.
[----------] Global test environment set-up.
[----------] 1 test from GatesTest
[ RUN      ] GatesTest.XorGateTest
[       OK ] GatesTest.XorGateTest (0 ms)
[----------] 1 test from GatesTest (0 ms total)

[----------] Global test environment tear-down
[==========] 1 test from 1 test suite ran. (0 ms total)
[  PASSED  ] 1 test.
<end of output>
Test time =   0.02 sec
----------------------------------------------------------
Test Passed.
"GatesTest.XorGateTest" end time: Dec 30 17:50 Mountain Standard Time
"GatesTest.XorGateTest" time elapsed: 00:00:00
----------------------------------------------------------

4/11 Testing: GatesTest.NotGateTest
4/11 Test: GatesTest.NotGateTest
Command: "C:/Users/user/Desktop/save/Code/CPU Visualizer/backend/build/tests/Debug/cpu_tests.exe" "--gtest_filter=GatesTest.NotGateTest" "--gtest_also_run_disabled_tests"
Directory: C:/Users/user/Desktop/save/Code/CPU Visualizer/backend/build/tests
"GatesTest.NotGateTest" start time: Dec 30 17:50 Mountain Standard Time
Output:
----------------------------------------------------------
Running main() from C:\Users\user\Desktop\save\Code\CPU Visualizer\backend\build\_deps\googletest-src\googletest\src\gtest_main.cc
Note: Google Test filter = GatesTest.NotGateTest
[==========] Running 1 test from 1 test suite.
[----------] Global test environment set-up.
[----------] 1 test from GatesTest
[ RUN      ] GatesTest.NotGateTest
[       OK ] GatesTest.NotGateTest (0 ms)
[----------] 1 test from GatesTest (0 ms total)

[----------] Global test environment tear-down
[==========] 1 test from 1 test suite ran. (0 ms total)
[  PASSED  ] 1 test.
<end of output>
Test time =   0.02 sec
----------------------------------------------------------
Test Passed.
"GatesTest.NotGateTest" end time: Dec 30 17:50 Mountain Standard Time
"GatesTest.NotGateTest" time elapsed: 00:00:00
----------------------------------------------------------

5/11 Testing: WireTest.MaskingWorks
5/11 Test: WireTest.MaskingWorks
Command: "C:/Users/user/Desktop/save/Code/CPU Visualizer/backend/build/tests/Debug/cpu_tests.exe" "--gtest_filter=WireTest.MaskingWorks" "--gtest_also_run_disabled_tests"
Directory: C:/Users/user/Desktop/save/Code/CPU Visualizer/backend/build/tests
"WireTest.MaskingWorks" start time: Dec 30 17:50 Mountain Standard Time
Output:
----------------------------------------------------------
Running main() from C:\Users\user\Desktop\save\Code\CPU Visualizer\backend\build\_deps\googletest-src\googletest\src\gtest_main.cc
Note: Google Test filter = WireTest.MaskingWorks
[==========] Running 1 test from 1 test suite.
[----------] Global test environment set-up.
[----------] 1 test from WireTest
[ RUN      ] WireTest.MaskingWorks
[       OK ] WireTest.MaskingWorks (0 ms)
[----------] 1 test from WireTest (0 ms total)

[----------] Global test environment tear-down
[==========] 1 test from 1 test suite ran. (0 ms total)
[  PASSED  ] 1 test.
<end of output>
Test time =   0.02 sec
----------------------------------------------------------
Test Passed.
"WireTest.MaskingWorks" end time: Dec 30 17:50 Mountain Standard Time
"WireTest.MaskingWorks" time elapsed: 00:00:00
----------------------------------------------------------

6/11 Testing: WireTest.GetBit
6/11 Test: WireTest.GetBit
Command: "C:/Users/user/Desktop/save/Code/CPU Visualizer/backend/build/tests/Debug/cpu_tests.exe" "--gtest_filter=WireTest.GetBit" "--gtest_also_run_disabled_tests"
Directory: C:/Users/user/Desktop/save/Code/CPU Visualizer/backend/build/tests
"WireTest.GetBit" start time: Dec 30 17:50 Mountain Standard Time
Output:
----------------------------------------------------------
Running main() from C:\Users\user\Desktop\save\Code\CPU Visualizer\backend\build\_deps\googletest-src\googletest\src\gtest_main.cc
Note: Google Test filter = WireTest.GetBit
[==========] Running 1 test from 1 test suite.
[----------] Global test environment set-up.
[----------] 1 test from WireTest
[ RUN      ] WireTest.GetBit
[       OK ] WireTest.GetBit (0 ms)
[----------] 1 test from WireTest (0 ms total)

[----------] Global test environment tear-down
[==========] 1 test from 1 test suite ran. (0 ms total)
[  PASSED  ] 1 test.
<end of output>
Test time =   0.02 sec
----------------------------------------------------------
Test Passed.
"WireTest.GetBit" end time: Dec 30 17:50 Mountain Standard Time
"WireTest.GetBit" time elapsed: 00:00:00
----------------------------------------------------------

7/11 Testing: FullAdderTest.AdditionTest
7/11 Test: FullAdderTest.AdditionTest
Command: "C:/Users/user/Desktop/save/Code/CPU Visualizer/backend/build/tests/Debug/cpu_tests.exe" "--gtest_filter=FullAdderTest.AdditionTest" "--gtest_also_run_disabled_tests"
Directory: C:/Users/user/Desktop/save/Code/CPU Visualizer/backend/build/tests
"FullAdderTest.AdditionTest" start time: Dec 30 17:50 Mountain Standard Time
Output:
----------------------------------------------------------
Running main() from C:\Users\user\Desktop\save\Code\CPU Visualizer\backend\build\_deps\googletest-src\googletest\src\gtest_main.cc
Note: Google Test filter = FullAdderTest.AdditionTest
[==========] Running 1 test from 1 test suite.
[----------] Global test environment set-up.
[----------] 1 test from FullAdderTest
[ RUN      ] FullAdderTest.AdditionTest
[       OK ] FullAdderTest.AdditionTest (0 ms)
[----------] 1 test from FullAdderTest (0 ms total)

[----------] Global test environment tear-down
[==========] 1 test from 1 test suite ran. (0 ms total)
[  PASSED  ] 1 test.
<end of output>
Test time =   0.02 sec
----------------------------------------------------------
Test Passed.
"FullAdderTest.AdditionTest" end time: Dec 30 17:50 Mountain Standard Time
"FullAdderTest.AdditionTest" time elapsed: 00:00:00
----------------------------------------------------------

8/11 Testing: AdderTest.AdderAdditionTest
8/11 Test: AdderTest.AdderAdditionTest
Command: "C:/Users/user/Desktop/save/Code/CPU Visualizer/backend/build/tests/Debug/cpu_tests.exe" "--gtest_filter=AdderTest.AdderAdditionTest" "--gtest_also_run_disabled_tests"
Directory: C:/Users/user/Desktop/save/Code/CPU Visualizer/backend/build/tests
"AdderTest.AdderAdditionTest" start time: Dec 30 17:50 Mountain Standard Time
Output:
----------------------------------------------------------
Running main() from C:\Users\user\Desktop\save\Code\CPU Visualizer\backend\build\_deps\googletest-src\googletest\src\gtest_main.cc
Note: Google Test filter = AdderTest.AdderAdditionTest
[==========] Running 1 test from 1 test suite.
[----------] Global test environment set-up.
[----------] 1 test from AdderTest
[ RUN      ] AdderTest.AdderAdditionTest
[       OK ] AdderTest.AdderAdditionTest (0 ms)
[----------] 1 test from AdderTest (0 ms total)

[----------] Global test environment tear-down
[==========] 1 test from 1 test suite ran. (0 ms total)
[  PASSED  ] 1 test.
<end of output>
Test time =   0.02 sec
----------------------------------------------------------
Test Passed.
"AdderTest.AdderAdditionTest" end time: Dec 30 17:50 Mountain Standard Time
"AdderTest.AdderAdditionTest" time elapsed: 00:00:00
----------------------------------------------------------

9/11 Testing: ShifterTest.LeftShiftTest
9/11 Test: ShifterTest.LeftShiftTest
Command: "C:/Users/user/Desktop/save/Code/CPU Visualizer/backend/build/tests/Debug/cpu_tests.exe" "--gtest_filter=ShifterTest.LeftShiftTest" "--gtest_also_run_disabled_tests"
Directory: C:/Users/user/Desktop/save/Code/CPU Visualizer/backend/build/tests
"ShifterTest.LeftShiftTest" start time: Dec 30 17:50 Mountain Standard Time
Output:
----------------------------------------------------------
Running main() from C:\Users\user\Desktop\save\Code\CPU Visualizer\backend\build\_deps\googletest-src\googletest\src\gtest_main.cc
Note: Google Test filter = ShifterTest.LeftShiftTest
[==========] Running 1 test from 1 test suite.
[----------] Global test environment set-up.
[----------] 1 test from ShifterTest
[ RUN      ] ShifterTest.LeftShiftTest
[       OK ] ShifterTest.LeftShiftTest (0 ms)
[----------] 1 test from ShifterTest (0 ms total)

[----------] Global test environment tear-down
[==========] 1 test from 1 test suite ran. (0 ms total)
[  PASSED  ] 1 test.
<end of output>
Test time =   0.02 sec
----------------------------------------------------------
Test Passed.
"ShifterTest.LeftShiftTest" end time: Dec 30 17:50 Mountain Standard Time
"ShifterTest.LeftShiftTest" time elapsed: 00:00:00
----------------------------------------------------------

10/11 Testing: ShifterTest.RightShiftTest
10/11 Test: ShifterTest.RightShiftTest
Command: "C:/Users/user/Desktop/save/Code/CPU Visualizer/backend/build/tests/Debug/cpu_tests.exe" "--gtest_filter=ShifterTest.RightShiftTest" "--gtest_also_run_disabled_tests"
Directory: C:/Users/user/Desktop/save/Code/CPU Visualizer/backend/build/tests
"ShifterTest.RightShiftTest" start time: Dec 30 17:50 Mountain Standard Time
Output:
----------------------------------------------------------
Running main() from C:\Users\user\Desktop\save\Code\CPU Visualizer\backend\build\_deps\googletest-src\googletest\src\gtest_main.cc
Note: Google Test filter = ShifterTest.RightShiftTest
[==========] Running 1 test from 1 test suite.
[----------] Global test environment set-up.
[----------] 1 test from ShifterTest
[ RUN      ] ShifterTest.RightShiftTest
[       OK ] ShifterTest.RightShiftTest (0 ms)
[----------] 1 test from ShifterTest (0 ms total)

[----------] Global test environment tear-down
[==========] 1 test from 1 test suite ran. (0 ms total)
[  PASSED  ] 1 test.
<end of output>
Test time =   0.02 sec
----------------------------------------------------------
Test Passed.
"ShifterTest.RightShiftTest" end time: Dec 30 17:50 Mountain Standard Time
"ShifterTest.RightShiftTest" time elapsed: 00:00:00
----------------------------------------------------------

11/11 Testing: ShifterTest.EdgeCases
11/11 Test: ShifterTest.EdgeCases
Command: "C:/Users/user/Desktop/save/Code/CPU Visualizer/backend/build/tests/Debug/cpu_tests.exe" "--gtest_filter=ShifterTest.EdgeCases" "--gtest_also_run_disabled_tests"
Directory: C:/Users/user/Desktop/save/Code/CPU Visualizer/backend/build/tests
"ShifterTest.EdgeCases" start time: Dec 30 17:50 Mountain Standard Time
Output:
----------------------------------------------------------
Running main() from C:\Users\user\Desktop\save\Code\CPU Visualizer\backend\build\_deps\googletest-src\googletest\src\gtest_main.cc
Note: Google Test filter = ShifterTest.EdgeCases
[==========] Running 1 test from 1 test suite.
[----------] Global test environment set-up.
[----------] 1 test from ShifterTest
[ RUN      ] ShifterTest.EdgeCases
[       OK ] ShifterTest.EdgeCases (0 ms)
[----------] 1 test from ShifterTest (0 ms total)

[----------] Global test environment tear-down
[==========] 1 test from 1 test suite ran. (0 ms total)
[  PASSED  ] 1 test.
<end of output>
Test time =   0.02 sec
----------------------------------------------------------
Test Passed.
"ShifterTest.EdgeCases" end time: Dec 30 17:50 Mountain Standard Time
"ShifterTest.EdgeCases" time elapsed: 00:00:00
----------------------------------------------------------

End testing: Dec 30 17:50 Mountain Standard Time
